[0.011s] Invoking command in '/home/dominhthang/dev_ws/build/my_bot': CMAKE_PREFIX_PATH=${CMAKE_PREFIX_PATH}:/opt/ros/jazzy DEBUGINFOD_URLS=https://debuginfod.ubuntu.com /usr/bin/cmake /home/dominhthang/dev_ws/src/my_bot -DAMENT_CMAKE_SYMLINK_INSTALL=1 -DCMAKE_INSTALL_PREFIX=/home/dominhthang/dev_ws/install/my_bot
[0.095s] -- The C compiler identification is GNU 13.3.0
[0.192s] -- The CXX compiler identification is GNU 13.3.0
[0.220s] -- Detecting C compiler ABI info
[0.369s] -- Detecting C compiler ABI info - done
[0.387s] -- Check for working C compiler: /usr/bin/cc - skipped
[0.387s] -- Detecting C compile features
[0.388s] -- Detecting C compile features - done
[0.404s] -- Detecting CXX compiler ABI info
[0.574s] -- Detecting CXX compiler ABI info - done
[0.592s] -- Check for working CXX compiler: /usr/bin/c++ - skipped
[0.592s] -- Detecting CXX compile features
[0.593s] -- Detecting CXX compile features - done
[0.598s] -- Found ament_cmake: 2.5.4 (/opt/ros/jazzy/share/ament_cmake/cmake)
[0.832s] -- Found Python3: /usr/bin/python3 (found version "3.12.3") found components: Interpreter 
[0.928s] -- Override CMake install command with custom implementation using symlinks instead of copying resources
[0.992s] -- Found ament_lint_auto: 0.17.3 (/opt/ros/jazzy/share/ament_lint_auto/cmake)
[1.151s] -- Added test 'copyright' to check source files copyright and LICENSE
[1.162s] -- Added test 'flake8' to check Python code syntax and style conventions
[1.162s] -- Configured 'flake8' exclude dirs and/or files: 
[1.164s] -- Added test 'lint_cmake' to check CMake code style
[1.166s] -- Added test 'pep257' to check Python code against some of the docstring style conventions in PEP 257
[1.172s] -- Added test 'xmllint' to check XML markup files
[1.176s] -- Configuring done (1.2s)
[1.181s] -- Generating done (0.0s)
[1.183s] -- Build files have been written to: /home/dominhthang/dev_ws/build/my_bot
[1.191s] Invoked command in '/home/dominhthang/dev_ws/build/my_bot' returned '0': CMAKE_PREFIX_PATH=${CMAKE_PREFIX_PATH}:/opt/ros/jazzy DEBUGINFOD_URLS=https://debuginfod.ubuntu.com /usr/bin/cmake /home/dominhthang/dev_ws/src/my_bot -DAMENT_CMAKE_SYMLINK_INSTALL=1 -DCMAKE_INSTALL_PREFIX=/home/dominhthang/dev_ws/install/my_bot
[1.193s] Invoking command in '/home/dominhthang/dev_ws/build/my_bot': CMAKE_PREFIX_PATH=${CMAKE_PREFIX_PATH}:/opt/ros/jazzy DEBUGINFOD_URLS=https://debuginfod.ubuntu.com /usr/bin/cmake --build /home/dominhthang/dev_ws/build/my_bot -- -j8 -l8
[1.259s] Invoked command in '/home/dominhthang/dev_ws/build/my_bot' returned '0': CMAKE_PREFIX_PATH=${CMAKE_PREFIX_PATH}:/opt/ros/jazzy DEBUGINFOD_URLS=https://debuginfod.ubuntu.com /usr/bin/cmake --build /home/dominhthang/dev_ws/build/my_bot -- -j8 -l8
[1.276s] Invoking command in '/home/dominhthang/dev_ws/build/my_bot': CMAKE_PREFIX_PATH=${CMAKE_PREFIX_PATH}:/opt/ros/jazzy DEBUGINFOD_URLS=https://debuginfod.ubuntu.com /usr/bin/cmake --install /home/dominhthang/dev_ws/build/my_bot
[1.289s] -- Install configuration: ""
[1.290s] -- Execute custom install script
[1.291s] -- Symlinking: /home/dominhthang/dev_ws/install/my_bot/share/my_bot/config/empty.yaml
[1.307s] -- Symlinking: /home/dominhthang/dev_ws/install/my_bot/share/my_bot/description/robot.urdf.xacro
[1.323s] -- Symlinking: /home/dominhthang/dev_ws/install/my_bot/share/my_bot/launch/rsp.launch.py
[1.339s] -- Symlinking: /home/dominhthang/dev_ws/install/my_bot/share/my_bot/worlds/empty.world
[1.354s] -- Symlinking: /home/dominhthang/dev_ws/install/my_bot/share/ament_index/resource_index/package_run_dependencies/my_bot
[1.370s] -- Symlinking: /home/dominhthang/dev_ws/install/my_bot/share/ament_index/resource_index/parent_prefix_path/my_bot
[1.387s] -- Symlinking: /home/dominhthang/dev_ws/install/my_bot/share/my_bot/environment/ament_prefix_path.sh
[1.403s] -- Symlinking: /home/dominhthang/dev_ws/install/my_bot/share/my_bot/environment/ament_prefix_path.dsv
[1.419s] -- Symlinking: /home/dominhthang/dev_ws/install/my_bot/share/my_bot/environment/path.sh
[1.434s] -- Symlinking: /home/dominhthang/dev_ws/install/my_bot/share/my_bot/environment/path.dsv
[1.446s] -- Symlinking: /home/dominhthang/dev_ws/install/my_bot/share/my_bot/local_setup.bash
[1.458s] -- Symlinking: /home/dominhthang/dev_ws/install/my_bot/share/my_bot/local_setup.sh
[1.474s] -- Symlinking: /home/dominhthang/dev_ws/install/my_bot/share/my_bot/local_setup.zsh
[1.489s] -- Symlinking: /home/dominhthang/dev_ws/install/my_bot/share/my_bot/local_setup.dsv
[1.504s] -- Symlinking: /home/dominhthang/dev_ws/install/my_bot/share/my_bot/package.dsv
[1.521s] -- Symlinking: /home/dominhthang/dev_ws/install/my_bot/share/ament_index/resource_index/packages/my_bot
[1.537s] -- Symlinking: /home/dominhthang/dev_ws/install/my_bot/share/my_bot/cmake/my_botConfig.cmake
[1.552s] -- Symlinking: /home/dominhthang/dev_ws/install/my_bot/share/my_bot/cmake/my_botConfig-version.cmake
[1.567s] -- Symlinking: /home/dominhthang/dev_ws/install/my_bot/share/my_bot/package.xml
[1.585s] Invoked command in '/home/dominhthang/dev_ws/build/my_bot' returned '0': CMAKE_PREFIX_PATH=${CMAKE_PREFIX_PATH}:/opt/ros/jazzy DEBUGINFOD_URLS=https://debuginfod.ubuntu.com /usr/bin/cmake --install /home/dominhthang/dev_ws/build/my_bot
