[0.204s] DEBUG:colcon:Command line arguments: ['/usr/bin/colcon', 'build']
[0.205s] DEBUG:colcon:Parsed command line arguments: Namespace(log_base=None, log_level=None, verb_name='build', build_base='build', install_base='install', merge_install=False, symlink_install=False, test_result_base=None, continue_on_error=False, executor='parallel', parallel_workers=8, event_handlers=None, ignore_user_meta=False, metas=['./colcon.meta'], base_paths=['.'], packages_ignore=None, packages_ignore_regex=None, paths=None, packages_up_to=None, packages_up_to_regex=None, packages_above=None, packages_above_and_dependencies=None, packages_above_depth=None, packages_select_by_dep=None, packages_skip_by_dep=None, packages_skip_up_to=None, packages_select_build_failed=False, packages_skip_build_finished=False, packages_select_test_failures=False, packages_skip_test_passed=False, packages_select=None, packages_skip=None, packages_select_regex=None, packages_skip_regex=None, packages_start=None, packages_end=None, allow_overriding=[], cmake_args=None, cmake_target=None, cmake_target_skip_unavailable=False, cmake_clean_cache=False, cmake_clean_first=False, cmake_force_configure=False, ament_cmake_args=None, catkin_cmake_args=None, catkin_skip_building_tests=False, mixin_files=None, mixin=None, verb_parser=<colcon_mixin.mixin.mixin_argument.MixinArgumentDecorator object at 0x77aa570a0e60>, verb_extension=<colcon_core.verb.build.BuildVerb object at 0x77aa5713d520>, main=<bound method BuildVerb.main of <colcon_core.verb.build.BuildVerb object at 0x77aa5713d520>>, mixin_verb=('build',))
[0.277s] Level 1:colcon.colcon_core.package_discovery:discover_packages(colcon_meta) check parameters
[0.278s] Level 1:colcon.colcon_core.package_discovery:discover_packages(recursive) check parameters
[0.278s] Level 1:colcon.colcon_core.package_discovery:discover_packages(ignore) check parameters
[0.278s] Level 1:colcon.colcon_core.package_discovery:discover_packages(path) check parameters
[0.278s] Level 1:colcon.colcon_core.package_discovery:discover_packages(colcon_meta) discover
[0.278s] Level 1:colcon.colcon_core.package_discovery:discover_packages(recursive) discover
[0.279s] INFO:colcon.colcon_core.package_discovery:Crawling recursively for packages in '/home/dominhthang/dev_ws'
[0.279s] Level 1:colcon.colcon_core.package_identification:_identify(.) by extensions ['ignore', 'ignore_ament_install']
[0.279s] Level 1:colcon.colcon_core.package_identification:_identify(.) by extension 'ignore'
[0.279s] Level 1:colcon.colcon_core.package_identification:_identify(.) by extension 'ignore_ament_install'
[0.279s] Level 1:colcon.colcon_core.package_identification:_identify(.) by extensions ['colcon_pkg']
[0.279s] Level 1:colcon.colcon_core.package_identification:_identify(.) by extension 'colcon_pkg'
[0.279s] Level 1:colcon.colcon_core.package_identification:_identify(.) by extensions ['colcon_meta']
[0.279s] Level 1:colcon.colcon_core.package_identification:_identify(.) by extension 'colcon_meta'
[0.279s] Level 1:colcon.colcon_core.package_identification:_identify(.) by extensions ['ros']
[0.279s] Level 1:colcon.colcon_core.package_identification:_identify(.) by extension 'ros'
[0.331s] Level 1:colcon.colcon_core.package_identification:_identify(.) by extensions ['cmake', 'python']
[0.331s] Level 1:colcon.colcon_core.package_identification:_identify(.) by extension 'cmake'
[0.332s] Level 1:colcon.colcon_core.package_identification:_identify(.) by extension 'python'
[0.332s] Level 1:colcon.colcon_core.package_identification:_identify(.) by extensions ['python_setup_py']
[0.332s] Level 1:colcon.colcon_core.package_identification:_identify(.) by extension 'python_setup_py'
[0.332s] Level 1:colcon.colcon_core.package_identification:_identify(build) by extensions ['ignore', 'ignore_ament_install']
[0.332s] Level 1:colcon.colcon_core.package_identification:_identify(build) by extension 'ignore'
[0.332s] Level 1:colcon.colcon_core.package_identification:_identify(build) ignored
[0.332s] Level 1:colcon.colcon_core.package_identification:_identify(install) by extensions ['ignore', 'ignore_ament_install']
[0.333s] Level 1:colcon.colcon_core.package_identification:_identify(install) by extension 'ignore'
[0.333s] Level 1:colcon.colcon_core.package_identification:_identify(install) ignored
[0.333s] Level 1:colcon.colcon_core.package_identification:_identify(log) by extensions ['ignore', 'ignore_ament_install']
[0.333s] Level 1:colcon.colcon_core.package_identification:_identify(log) by extension 'ignore'
[0.333s] Level 1:colcon.colcon_core.package_identification:_identify(log) ignored
[0.333s] Level 1:colcon.colcon_core.package_identification:_identify(src) by extensions ['ignore', 'ignore_ament_install']
[0.333s] Level 1:colcon.colcon_core.package_identification:_identify(src) by extension 'ignore'
[0.333s] Level 1:colcon.colcon_core.package_identification:_identify(src) by extension 'ignore_ament_install'
[0.334s] Level 1:colcon.colcon_core.package_identification:_identify(src) by extensions ['colcon_pkg']
[0.334s] Level 1:colcon.colcon_core.package_identification:_identify(src) by extension 'colcon_pkg'
[0.334s] Level 1:colcon.colcon_core.package_identification:_identify(src) by extensions ['colcon_meta']
[0.334s] Level 1:colcon.colcon_core.package_identification:_identify(src) by extension 'colcon_meta'
[0.334s] Level 1:colcon.colcon_core.package_identification:_identify(src) by extensions ['ros']
[0.334s] Level 1:colcon.colcon_core.package_identification:_identify(src) by extension 'ros'
[0.334s] Level 1:colcon.colcon_core.package_identification:_identify(src) by extensions ['cmake', 'python']
[0.334s] Level 1:colcon.colcon_core.package_identification:_identify(src) by extension 'cmake'
[0.334s] Level 1:colcon.colcon_core.package_identification:_identify(src) by extension 'python'
[0.334s] Level 1:colcon.colcon_core.package_identification:_identify(src) by extensions ['python_setup_py']
[0.334s] Level 1:colcon.colcon_core.package_identification:_identify(src) by extension 'python_setup_py'
[0.334s] Level 1:colcon.colcon_core.package_identification:_identify(src/my_bot) by extensions ['ignore', 'ignore_ament_install']
[0.335s] Level 1:colcon.colcon_core.package_identification:_identify(src/my_bot) by extension 'ignore'
[0.335s] Level 1:colcon.colcon_core.package_identification:_identify(src/my_bot) by extension 'ignore_ament_install'
[0.335s] Level 1:colcon.colcon_core.package_identification:_identify(src/my_bot) by extensions ['colcon_pkg']
[0.335s] Level 1:colcon.colcon_core.package_identification:_identify(src/my_bot) by extension 'colcon_pkg'
[0.335s] Level 1:colcon.colcon_core.package_identification:_identify(src/my_bot) by extensions ['colcon_meta']
[0.335s] Level 1:colcon.colcon_core.package_identification:_identify(src/my_bot) by extension 'colcon_meta'
[0.335s] Level 1:colcon.colcon_core.package_identification:_identify(src/my_bot) by extensions ['ros']
[0.335s] Level 1:colcon.colcon_core.package_identification:_identify(src/my_bot) by extension 'ros'
[0.339s] DEBUG:colcon.colcon_core.package_identification:Package 'src/my_bot' with type 'ros.ament_cmake' and name 'my_bot'
[0.339s] Level 1:colcon.colcon_core.package_discovery:discover_packages(recursive) using defaults
[0.340s] Level 1:colcon.colcon_core.package_discovery:discover_packages(ignore) discover
[0.340s] Level 1:colcon.colcon_core.package_discovery:discover_packages(ignore) using defaults
[0.340s] Level 1:colcon.colcon_core.package_discovery:discover_packages(path) discover
[0.340s] Level 1:colcon.colcon_core.package_discovery:discover_packages(path) using defaults
[0.373s] Level 1:colcon.colcon_core.package_discovery:discover_packages(prefix_path) check parameters
[0.373s] Level 1:colcon.colcon_core.package_discovery:discover_packages(prefix_path) discover
[0.376s] DEBUG:colcon.colcon_installed_package_information.package_discovery:Found 1 installed packages in /home/dominhthang/dev_ws/install
[0.381s] DEBUG:colcon.colcon_installed_package_information.package_discovery:Found 376 installed packages in /opt/ros/jazzy
[0.383s] Level 1:colcon.colcon_core.package_discovery:discover_packages(prefix_path) using defaults
[0.490s] Level 5:colcon.colcon_core.verb:set package 'my_bot' build argument 'cmake_args' from command line to 'None'
[0.490s] Level 5:colcon.colcon_core.verb:set package 'my_bot' build argument 'cmake_target' from command line to 'None'
[0.490s] Level 5:colcon.colcon_core.verb:set package 'my_bot' build argument 'cmake_target_skip_unavailable' from command line to 'False'
[0.490s] Level 5:colcon.colcon_core.verb:set package 'my_bot' build argument 'cmake_clean_cache' from command line to 'False'
[0.490s] Level 5:colcon.colcon_core.verb:set package 'my_bot' build argument 'cmake_clean_first' from command line to 'False'
[0.490s] Level 5:colcon.colcon_core.verb:set package 'my_bot' build argument 'cmake_force_configure' from command line to 'False'
[0.490s] Level 5:colcon.colcon_core.verb:set package 'my_bot' build argument 'ament_cmake_args' from command line to 'None'
[0.490s] Level 5:colcon.colcon_core.verb:set package 'my_bot' build argument 'catkin_cmake_args' from command line to 'None'
[0.490s] Level 5:colcon.colcon_core.verb:set package 'my_bot' build argument 'catkin_skip_building_tests' from command line to 'False'
[0.490s] DEBUG:colcon.colcon_core.verb:Building package 'my_bot' with the following arguments: {'ament_cmake_args': None, 'build_base': '/home/dominhthang/dev_ws/build/my_bot', 'catkin_cmake_args': None, 'catkin_skip_building_tests': False, 'cmake_args': None, 'cmake_clean_cache': False, 'cmake_clean_first': False, 'cmake_force_configure': False, 'cmake_target': None, 'cmake_target_skip_unavailable': False, 'install_base': '/home/dominhthang/dev_ws/install/my_bot', 'merge_install': False, 'path': '/home/dominhthang/dev_ws/src/my_bot', 'symlink_install': False, 'test_result_base': None}
[0.490s] INFO:colcon.colcon_core.executor:Executing jobs using 'parallel' executor
[0.492s] DEBUG:colcon.colcon_parallel_executor.executor.parallel:run_until_complete
[0.493s] INFO:colcon.colcon_ros.task.ament_cmake.build:Building ROS package in '/home/dominhthang/dev_ws/src/my_bot' with build type 'ament_cmake'
[0.493s] INFO:colcon.colcon_cmake.task.cmake.build:Building CMake package in '/home/dominhthang/dev_ws/src/my_bot'
[0.496s] INFO:colcon.colcon_core.plugin_system:Skipping extension 'colcon_core.shell.bat': Not used on non-Windows systems
[0.496s] INFO:colcon.colcon_core.shell:Skip shell extension 'powershell' for command environment: Not usable outside of PowerShell
[0.497s] DEBUG:colcon.colcon_core.shell:Skip shell extension 'dsv' for command environment
[0.517s] DEBUG:colcon.colcon_core.event_handler.log_command:Invoking command in '/home/dominhthang/dev_ws/build/my_bot': CMAKE_PREFIX_PATH=${CMAKE_PREFIX_PATH}:/opt/ros/jazzy DEBUGINFOD_URLS=https://debuginfod.ubuntu.com /usr/bin/cmake --build /home/dominhthang/dev_ws/build/my_bot -- -j8 -l8
[0.588s] DEBUG:colcon.colcon_core.event_handler.log_command:Invoked command in '/home/dominhthang/dev_ws/build/my_bot' returned '0': CMAKE_PREFIX_PATH=${CMAKE_PREFIX_PATH}:/opt/ros/jazzy DEBUGINFOD_URLS=https://debuginfod.ubuntu.com /usr/bin/cmake --build /home/dominhthang/dev_ws/build/my_bot -- -j8 -l8
[0.610s] DEBUG:colcon.colcon_core.event_handler.log_command:Invoking command in '/home/dominhthang/dev_ws/build/my_bot': CMAKE_PREFIX_PATH=${CMAKE_PREFIX_PATH}:/opt/ros/jazzy DEBUGINFOD_URLS=https://debuginfod.ubuntu.com /usr/bin/cmake --install /home/dominhthang/dev_ws/build/my_bot
[0.651s] Level 1:colcon.colcon_core.environment:create_environment_scripts_only(my_bot)
[0.652s] DEBUG:colcon.colcon_core.event_handler.log_command:Invoked command in '/home/dominhthang/dev_ws/build/my_bot' returned '0': CMAKE_PREFIX_PATH=${CMAKE_PREFIX_PATH}:/opt/ros/jazzy DEBUGINFOD_URLS=https://debuginfod.ubuntu.com /usr/bin/cmake --install /home/dominhthang/dev_ws/build/my_bot
[0.655s] Level 1:colcon.colcon_core.environment:checking '/home/dominhthang/dev_ws/install/my_bot' for CMake module files
[0.656s] Level 1:colcon.colcon_core.environment:checking '/home/dominhthang/dev_ws/install/my_bot' for CMake config files
[0.657s] Level 1:colcon.colcon_core.shell:create_environment_hook('my_bot', 'cmake_prefix_path')
[0.657s] INFO:colcon.colcon_core.shell:Creating environment hook '/home/dominhthang/dev_ws/install/my_bot/share/my_bot/hook/cmake_prefix_path.ps1'
[0.658s] INFO:colcon.colcon_core.shell:Creating environment descriptor '/home/dominhthang/dev_ws/install/my_bot/share/my_bot/hook/cmake_prefix_path.dsv'
[0.660s] INFO:colcon.colcon_core.shell:Creating environment hook '/home/dominhthang/dev_ws/install/my_bot/share/my_bot/hook/cmake_prefix_path.sh'
[0.661s] Level 1:colcon.colcon_core.environment:checking '/home/dominhthang/dev_ws/install/my_bot/bin'
[0.662s] Level 1:colcon.colcon_core.environment:checking '/home/dominhthang/dev_ws/install/my_bot/lib/pkgconfig/my_bot.pc'
[0.662s] Level 1:colcon.colcon_core.environment:checking '/home/dominhthang/dev_ws/install/my_bot/lib/python3.12/site-packages'
[0.663s] Level 1:colcon.colcon_core.environment:checking '/home/dominhthang/dev_ws/install/my_bot/bin'
[0.663s] INFO:colcon.colcon_core.shell:Creating package script '/home/dominhthang/dev_ws/install/my_bot/share/my_bot/package.ps1'
[0.665s] INFO:colcon.colcon_core.shell:Creating package descriptor '/home/dominhthang/dev_ws/install/my_bot/share/my_bot/package.dsv'
[0.666s] INFO:colcon.colcon_core.shell:Creating package script '/home/dominhthang/dev_ws/install/my_bot/share/my_bot/package.sh'
[0.667s] INFO:colcon.colcon_core.shell:Creating package script '/home/dominhthang/dev_ws/install/my_bot/share/my_bot/package.bash'
[0.669s] INFO:colcon.colcon_core.shell:Creating package script '/home/dominhthang/dev_ws/install/my_bot/share/my_bot/package.zsh'
[0.669s] Level 1:colcon.colcon_core.environment:create_file_with_runtime_dependencies(/home/dominhthang/dev_ws/install/my_bot/share/colcon-core/packages/my_bot)
[0.670s] Level 1:colcon.colcon_core.environment:create_environment_scripts_only(my_bot)
[0.671s] Level 1:colcon.colcon_core.environment:checking '/home/dominhthang/dev_ws/install/my_bot' for CMake module files
[0.672s] Level 1:colcon.colcon_core.environment:checking '/home/dominhthang/dev_ws/install/my_bot' for CMake config files
[0.672s] Level 1:colcon.colcon_core.shell:create_environment_hook('my_bot', 'cmake_prefix_path')
[0.673s] INFO:colcon.colcon_core.shell:Creating environment hook '/home/dominhthang/dev_ws/install/my_bot/share/my_bot/hook/cmake_prefix_path.ps1'
[0.674s] INFO:colcon.colcon_core.shell:Creating environment descriptor '/home/dominhthang/dev_ws/install/my_bot/share/my_bot/hook/cmake_prefix_path.dsv'
[0.674s] INFO:colcon.colcon_core.shell:Creating environment hook '/home/dominhthang/dev_ws/install/my_bot/share/my_bot/hook/cmake_prefix_path.sh'
[0.676s] Level 1:colcon.colcon_core.environment:checking '/home/dominhthang/dev_ws/install/my_bot/bin'
[0.677s] Level 1:colcon.colcon_core.environment:checking '/home/dominhthang/dev_ws/install/my_bot/lib/pkgconfig/my_bot.pc'
[0.677s] Level 1:colcon.colcon_core.environment:checking '/home/dominhthang/dev_ws/install/my_bot/lib/python3.12/site-packages'
[0.677s] Level 1:colcon.colcon_core.environment:checking '/home/dominhthang/dev_ws/install/my_bot/bin'
[0.678s] INFO:colcon.colcon_core.shell:Creating package script '/home/dominhthang/dev_ws/install/my_bot/share/my_bot/package.ps1'
[0.679s] INFO:colcon.colcon_core.shell:Creating package descriptor '/home/dominhthang/dev_ws/install/my_bot/share/my_bot/package.dsv'
[0.679s] INFO:colcon.colcon_core.shell:Creating package script '/home/dominhthang/dev_ws/install/my_bot/share/my_bot/package.sh'
[0.681s] INFO:colcon.colcon_core.shell:Creating package script '/home/dominhthang/dev_ws/install/my_bot/share/my_bot/package.bash'
[0.682s] INFO:colcon.colcon_core.shell:Creating package script '/home/dominhthang/dev_ws/install/my_bot/share/my_bot/package.zsh'
[0.682s] Level 1:colcon.colcon_core.environment:create_file_with_runtime_dependencies(/home/dominhthang/dev_ws/install/my_bot/share/colcon-core/packages/my_bot)
[0.683s] DEBUG:colcon.colcon_parallel_executor.executor.parallel:closing loop
[0.684s] DEBUG:colcon.colcon_parallel_executor.executor.parallel:loop closed
[0.684s] DEBUG:colcon.colcon_parallel_executor.executor.parallel:run_until_complete finished with '0'
[0.684s] DEBUG:colcon.colcon_core.event_reactor:joining thread
[0.694s] INFO:colcon.colcon_core.plugin_system:Skipping extension 'colcon_notification.desktop_notification.terminal_notifier': Not used on non-Darwin systems
[0.694s] INFO:colcon.colcon_core.plugin_system:Skipping extension 'colcon_notification.desktop_notification.win32': Not used on non-Windows systems
[0.694s] INFO:colcon.colcon_notification.desktop_notification:Sending desktop notification using 'notify2'
[0.724s] DEBUG:colcon.colcon_core.event_reactor:joined thread
[0.725s] INFO:colcon.colcon_core.shell:Creating prefix script '/home/dominhthang/dev_ws/install/local_setup.ps1'
[0.727s] INFO:colcon.colcon_core.shell:Creating prefix util module '/home/dominhthang/dev_ws/install/_local_setup_util_ps1.py'
[0.730s] INFO:colcon.colcon_core.shell:Creating prefix chain script '/home/dominhthang/dev_ws/install/setup.ps1'
[0.733s] INFO:colcon.colcon_core.shell:Creating prefix script '/home/dominhthang/dev_ws/install/local_setup.sh'
[0.734s] INFO:colcon.colcon_core.shell:Creating prefix util module '/home/dominhthang/dev_ws/install/_local_setup_util_sh.py'
[0.736s] INFO:colcon.colcon_core.shell:Creating prefix chain script '/home/dominhthang/dev_ws/install/setup.sh'
[0.738s] INFO:colcon.colcon_core.shell:Creating prefix script '/home/dominhthang/dev_ws/install/local_setup.bash'
[0.739s] INFO:colcon.colcon_core.shell:Creating prefix chain script '/home/dominhthang/dev_ws/install/setup.bash'
[0.740s] INFO:colcon.colcon_core.shell:Creating prefix script '/home/dominhthang/dev_ws/install/local_setup.zsh'
[0.742s] INFO:colcon.colcon_core.shell:Creating prefix chain script '/home/dominhthang/dev_ws/install/setup.zsh'
