[0.014s] Invoking command in '/home/dominhthang/dev_ws/build/my_bot': CMAKE_PREFIX_PATH=${CMAKE_PREFIX_PATH}:/opt/ros/jazzy DEBUGINFOD_URLS=https://debuginfod.ubuntu.com /usr/bin/cmake --build /home/dominhthang/dev_ws/build/my_bot -- -j8 -l8
[0.094s] -- Found ament_cmake: 2.5.4 (/opt/ros/jazzy/share/ament_cmake/cmake)
[0.436s] -- Override CMake install command with custom implementation using symlinks instead of copying resources
[0.510s] [31mCMake Error at CMakeLists.txt:25 (find_package):
[0.510s]   By not providing "Findament_lint_auto.cmake" in CMAKE_MODULE_PATH this
[0.511s]   project has asked CMake to find a package configuration file provided by
[0.511s]   "ament_lint_auto", but CMake did not find one.
[0.511s] 
[0.511s]   Could not find a package configuration file provided by "ament_lint_auto"
[0.511s]   with any of the following names:
[0.511s] 
[0.511s]     ament_lint_autoConfig.cmake
[0.512s]     ament_lint_auto-config.cmake
[0.512s] 
[0.512s]   Add the installation prefix of "ament_lint_auto" to CMAKE_PREFIX_PATH or
[0.512s]   set "ament_lint_auto_DIR" to a directory containing one of the above files.
[0.512s]   If "ament_lint_auto" provides a separate development package or SDK, be
[0.512s]   sure it has been installed.
[0.512s] 
[0.512s] [0m
[0.513s] -- Configuring incomplete, errors occurred!
[0.516s] gmake: *** [Makefile:226: cmake_check_build_system] Error 1
[0.520s] Invoked command in '/home/dominhthang/dev_ws/build/my_bot' returned '2': CMAKE_PREFIX_PATH=${CMAKE_PREFIX_PATH}:/opt/ros/jazzy DEBUGINFOD_URLS=https://debuginfod.ubuntu.com /usr/bin/cmake --build /home/dominhthang/dev_ws/build/my_bot -- -j8 -l8
