[0.011s] Invoking command in '/home/dominhthang/dev_ws/build/my_bot': CMAKE_PREFIX_PATH=${CMAKE_PREFIX_PATH}:/opt/ros/jazzy DEBUGINFOD_URLS=https://debuginfod.ubuntu.com /usr/bin/cmake --build /home/dominhthang/dev_ws/build/my_bot -- -j8 -l8
[0.043s] -- Found ament_cmake: 2.5.4 (/opt/ros/jazzy/share/ament_cmake/cmake)
[0.331s] -- Override CMake install command with custom implementation using symlinks instead of copying resources
[0.341s] -- Found ament_lint_auto: 0.17.3 (/opt/ros/jazzy/share/ament_lint_auto/cmake)
[0.448s] -- Added test 'copyright' to check source files copyright and LICENSE
[0.469s] -- Added test 'flake8' to check Python code syntax and style conventions
[0.469s] -- Configured 'flake8' exclude dirs and/or files: 
[0.471s] -- Added test 'lint_cmake' to check CMake code style
[0.473s] -- Added test 'pep257' to check Python code against some of the docstring style conventions in PEP 257
[0.480s] -- Added test 'xmllint' to check XML markup files
[0.483s] -- Configuring done (0.4s)
[0.494s] -- Generating done (0.0s)
[0.496s] -- Build files have been written to: /home/dominhthang/dev_ws/build/my_bot
[0.537s] Invoked command in '/home/dominhthang/dev_ws/build/my_bot' returned '0': CMAKE_PREFIX_PATH=${CMAKE_PREFIX_PATH}:/opt/ros/jazzy DEBUGINFOD_URLS=https://debuginfod.ubuntu.com /usr/bin/cmake --build /home/dominhthang/dev_ws/build/my_bot -- -j8 -l8
[0.555s] Invoking command in '/home/dominhthang/dev_ws/build/my_bot': CMAKE_PREFIX_PATH=${CMAKE_PREFIX_PATH}:/opt/ros/jazzy DEBUGINFOD_URLS=https://debuginfod.ubuntu.com /usr/bin/cmake --install /home/dominhthang/dev_ws/build/my_bot
[0.569s] -- Install configuration: ""
[0.570s] -- Execute custom install script
[0.570s] -- Up-to-date symlink: /home/dominhthang/dev_ws/install/my_bot/share/my_bot/config/empty.yaml
[0.571s] -- Up-to-date symlink: /home/dominhthang/dev_ws/install/my_bot/share/my_bot/config/view_bot.rviz
[0.571s] -- Up-to-date symlink: /home/dominhthang/dev_ws/install/my_bot/share/my_bot/description/inertial_macros.xacro
[0.572s] -- Up-to-date symlink: /home/dominhthang/dev_ws/install/my_bot/share/my_bot/description/my_robot.sdf
[0.572s] -- Up-to-date symlink: /home/dominhthang/dev_ws/install/my_bot/share/my_bot/description/my_robot.urdf
[0.572s] -- Up-to-date symlink: /home/dominhthang/dev_ws/install/my_bot/share/my_bot/description/robot.urdf.xacro
[0.572s] -- Up-to-date symlink: /home/dominhthang/dev_ws/install/my_bot/share/my_bot/description/robot_core.xacro
[0.573s] -- Up-to-date symlink: /home/dominhthang/dev_ws/install/my_bot/share/my_bot/launch/my_sim.launch.py
[0.573s] -- Up-to-date symlink: /home/dominhthang/dev_ws/install/my_bot/share/my_bot/launch/rsp.launch.py
[0.573s] -- Up-to-date symlink: /home/dominhthang/dev_ws/install/my_bot/share/my_bot/worlds/empty.world
[0.573s] -- Up-to-date symlink: /home/dominhthang/dev_ws/install/my_bot/share/my_bot/worlds/my_sim.sdf
[0.574s] -- Up-to-date symlink: /home/dominhthang/dev_ws/install/my_bot/share/ament_index/resource_index/package_run_dependencies/my_bot
[0.574s] -- Up-to-date symlink: /home/dominhthang/dev_ws/install/my_bot/share/ament_index/resource_index/parent_prefix_path/my_bot
[0.574s] -- Up-to-date symlink: /home/dominhthang/dev_ws/install/my_bot/share/my_bot/environment/ament_prefix_path.sh
[0.574s] -- Up-to-date symlink: /home/dominhthang/dev_ws/install/my_bot/share/my_bot/environment/ament_prefix_path.dsv
[0.575s] -- Up-to-date symlink: /home/dominhthang/dev_ws/install/my_bot/share/my_bot/environment/path.sh
[0.575s] -- Up-to-date symlink: /home/dominhthang/dev_ws/install/my_bot/share/my_bot/environment/path.dsv
[0.575s] -- Up-to-date symlink: /home/dominhthang/dev_ws/install/my_bot/share/my_bot/local_setup.bash
[0.576s] -- Up-to-date symlink: /home/dominhthang/dev_ws/install/my_bot/share/my_bot/local_setup.sh
[0.576s] -- Up-to-date symlink: /home/dominhthang/dev_ws/install/my_bot/share/my_bot/local_setup.zsh
[0.576s] -- Up-to-date symlink: /home/dominhthang/dev_ws/install/my_bot/share/my_bot/local_setup.dsv
[0.576s] -- Symlinking: /home/dominhthang/dev_ws/install/my_bot/share/my_bot/package.dsv
[0.592s] -- Up-to-date symlink: /home/dominhthang/dev_ws/install/my_bot/share/ament_index/resource_index/packages/my_bot
[0.592s] -- Up-to-date symlink: /home/dominhthang/dev_ws/install/my_bot/share/my_bot/cmake/my_botConfig.cmake
[0.592s] -- Up-to-date symlink: /home/dominhthang/dev_ws/install/my_bot/share/my_bot/cmake/my_botConfig-version.cmake
[0.592s] -- Up-to-date symlink: /home/dominhthang/dev_ws/install/my_bot/share/my_bot/package.xml
[0.595s] Invoked command in '/home/dominhthang/dev_ws/build/my_bot' returned '0': CMAKE_PREFIX_PATH=${CMAKE_PREFIX_PATH}:/opt/ros/jazzy DEBUGINFOD_URLS=https://debuginfod.ubuntu.com /usr/bin/cmake --install /home/dominhthang/dev_ws/build/my_bot
