[0.012s] Invoking command in '/home/dominhthang/dev_ws/build/my_bot': CMAKE_PREFIX_PATH=${CMAKE_PREFIX_PATH}:/opt/ros/jazzy DEBUGINFOD_URLS=https://debuginfod.ubuntu.com /usr/bin/cmake --build /home/dominhthang/dev_ws/build/my_bot -- -j8 -l8
[0.064s] Invoked command in '/home/dominhthang/dev_ws/build/my_bot' returned '0': CMAKE_PREFIX_PATH=${CMAKE_PREFIX_PATH}:/opt/ros/jazzy DEBUGINFOD_URLS=https://debuginfod.ubuntu.com /usr/bin/cmake --build /home/dominhthang/dev_ws/build/my_bot -- -j8 -l8
[0.083s] Invoking command in '/home/dominhthang/dev_ws/build/my_bot': CMAKE_PREFIX_PATH=${CMAKE_PREFIX_PATH}:/opt/ros/jazzy DEBUGINFOD_URLS=https://debuginfod.ubuntu.com /usr/bin/cmake --install /home/dominhthang/dev_ws/build/my_bot
[0.098s] -- Install configuration: ""
[0.099s] -- Execute custom install script
[0.100s] -- Up-to-date symlink: /home/dominhthang/dev_ws/install/my_bot/share/my_bot/config/empty.yaml
[0.100s] -- Up-to-date symlink: /home/dominhthang/dev_ws/install/my_bot/share/my_bot/config/view_bot.rviz
[0.100s] -- Up-to-date symlink: /home/dominhthang/dev_ws/install/my_bot/share/my_bot/description/inertial_macros.xacro
[0.101s] -- Up-to-date symlink: /home/dominhthang/dev_ws/install/my_bot/share/my_bot/description/my_robot.sdf
[0.101s] -- Up-to-date symlink: /home/dominhthang/dev_ws/install/my_bot/share/my_bot/description/my_robot.urdf
[0.101s] -- Up-to-date symlink: /home/dominhthang/dev_ws/install/my_bot/share/my_bot/description/robot.urdf.xacro
[0.102s] -- Up-to-date symlink: /home/dominhthang/dev_ws/install/my_bot/share/my_bot/description/robot_core.xacro
[0.102s] -- Up-to-date symlink: /home/dominhthang/dev_ws/install/my_bot/share/my_bot/launch/my_sim.launch.py
[0.102s] -- Up-to-date symlink: /home/dominhthang/dev_ws/install/my_bot/share/my_bot/launch/rsp.launch.py
[0.103s] -- Up-to-date symlink: /home/dominhthang/dev_ws/install/my_bot/share/my_bot/worlds/empty.world
[0.103s] -- Up-to-date symlink: /home/dominhthang/dev_ws/install/my_bot/share/my_bot/worlds/my_sim.sdf
[0.103s] -- Up-to-date symlink: /home/dominhthang/dev_ws/install/my_bot/share/ament_index/resource_index/package_run_dependencies/my_bot
[0.104s] -- Up-to-date symlink: /home/dominhthang/dev_ws/install/my_bot/share/ament_index/resource_index/parent_prefix_path/my_bot
[0.104s] -- Up-to-date symlink: /home/dominhthang/dev_ws/install/my_bot/share/my_bot/environment/ament_prefix_path.sh
[0.104s] -- Up-to-date symlink: /home/dominhthang/dev_ws/install/my_bot/share/my_bot/environment/ament_prefix_path.dsv
[0.105s] -- Up-to-date symlink: /home/dominhthang/dev_ws/install/my_bot/share/my_bot/environment/path.sh
[0.105s] -- Up-to-date symlink: /home/dominhthang/dev_ws/install/my_bot/share/my_bot/environment/path.dsv
[0.105s] -- Up-to-date symlink: /home/dominhthang/dev_ws/install/my_bot/share/my_bot/local_setup.bash
[0.106s] -- Up-to-date symlink: /home/dominhthang/dev_ws/install/my_bot/share/my_bot/local_setup.sh
[0.106s] -- Up-to-date symlink: /home/dominhthang/dev_ws/install/my_bot/share/my_bot/local_setup.zsh
[0.106s] -- Up-to-date symlink: /home/dominhthang/dev_ws/install/my_bot/share/my_bot/local_setup.dsv
[0.106s] -- Symlinking: /home/dominhthang/dev_ws/install/my_bot/share/my_bot/package.dsv
[0.123s] -- Up-to-date symlink: /home/dominhthang/dev_ws/install/my_bot/share/ament_index/resource_index/packages/my_bot
[0.123s] -- Up-to-date symlink: /home/dominhthang/dev_ws/install/my_bot/share/my_bot/cmake/my_botConfig.cmake
[0.124s] -- Up-to-date symlink: /home/dominhthang/dev_ws/install/my_bot/share/my_bot/cmake/my_botConfig-version.cmake
[0.124s] -- Up-to-date symlink: /home/dominhthang/dev_ws/install/my_bot/share/my_bot/package.xml
[0.127s] Invoked command in '/home/dominhthang/dev_ws/build/my_bot' returned '0': CMAKE_PREFIX_PATH=${CMAKE_PREFIX_PATH}:/opt/ros/jazzy DEBUGINFOD_URLS=https://debuginfod.ubuntu.com /usr/bin/cmake --install /home/dominhthang/dev_ws/build/my_bot
