[0.026s] Invoking command in '/home/dominhthang/dev_ws/build/my_bot': CMAKE_PREFIX_PATH=${CMAKE_PREFIX_PATH}:/opt/ros/jazzy DEBUGINFOD_URLS=https://debuginfod.ubuntu.com /usr/bin/cmake /home/dominhthang/dev_ws/src/my_bot -DCMAKE_INSTALL_PREFIX=/home/dominhthang/dev_ws/install/my_bot
[0.063s] -- Found ament_cmake: 2.5.4 (/opt/ros/jazzy/share/ament_cmake/cmake)
[0.530s] -- Override CMake install command with custom implementation using symlinks instead of copying resources
[0.566s] -- Found ament_lint_auto: 0.17.3 (/opt/ros/jazzy/share/ament_lint_auto/cmake)
[0.781s] -- Added test 'copyright' to check source files copyright and LICENSE
[0.798s] -- Added test 'flake8' to check Python code syntax and style conventions
[0.798s] -- Configured 'flake8' exclude dirs and/or files: 
[0.801s] -- Added test 'lint_cmake' to check CMake code style
[0.803s] -- Added test 'pep257' to check Python code against some of the docstring style conventions in PEP 257
[0.811s] -- Added test 'xmllint' to check XML markup files
[0.815s] -- Configuring done (0.8s)
[0.829s] -- Generating done (0.0s)
[0.832s] -- Build files have been written to: /home/dominhthang/dev_ws/build/my_bot
[0.837s] Invoked command in '/home/dominhthang/dev_ws/build/my_bot' returned '0': CMAKE_PREFIX_PATH=${CMAKE_PREFIX_PATH}:/opt/ros/jazzy DEBUGINFOD_URLS=https://debuginfod.ubuntu.com /usr/bin/cmake /home/dominhthang/dev_ws/src/my_bot -DCMAKE_INSTALL_PREFIX=/home/dominhthang/dev_ws/install/my_bot
[0.840s] Invoking command in '/home/dominhthang/dev_ws/build/my_bot': CMAKE_PREFIX_PATH=${CMAKE_PREFIX_PATH}:/opt/ros/jazzy DEBUGINFOD_URLS=https://debuginfod.ubuntu.com /usr/bin/cmake --build /home/dominhthang/dev_ws/build/my_bot -- -j8 -l8
[0.913s] Invoked command in '/home/dominhthang/dev_ws/build/my_bot' returned '0': CMAKE_PREFIX_PATH=${CMAKE_PREFIX_PATH}:/opt/ros/jazzy DEBUGINFOD_URLS=https://debuginfod.ubuntu.com /usr/bin/cmake --build /home/dominhthang/dev_ws/build/my_bot -- -j8 -l8
[0.932s] Invoking command in '/home/dominhthang/dev_ws/build/my_bot': CMAKE_PREFIX_PATH=${CMAKE_PREFIX_PATH}:/opt/ros/jazzy DEBUGINFOD_URLS=https://debuginfod.ubuntu.com /usr/bin/cmake --install /home/dominhthang/dev_ws/build/my_bot
[0.946s] -- Install configuration: ""
[0.948s] -- Execute custom install script
[0.948s] -- Up-to-date symlink: /home/dominhthang/dev_ws/install/my_bot/share/my_bot/config/empty.yaml
[0.948s] -- Symlinking: /home/dominhthang/dev_ws/install/my_bot/share/my_bot/config/view_bot.rviz
[0.967s] -- Up-to-date symlink: /home/dominhthang/dev_ws/install/my_bot/share/my_bot/description/inertial_macros.xacro
[0.967s] -- Symlinking: /home/dominhthang/dev_ws/install/my_bot/share/my_bot/description/my_robot.sdf
[0.985s] -- Symlinking: /home/dominhthang/dev_ws/install/my_bot/share/my_bot/description/my_robot.urdf
[1.003s] -- Up-to-date symlink: /home/dominhthang/dev_ws/install/my_bot/share/my_bot/description/robot.urdf.xacro
[1.003s] -- Up-to-date symlink: /home/dominhthang/dev_ws/install/my_bot/share/my_bot/description/robot_core.xacro
[1.003s] -- Symlinking: /home/dominhthang/dev_ws/install/my_bot/share/my_bot/launch/my_sim.py
[1.021s] -- Up-to-date symlink: /home/dominhthang/dev_ws/install/my_bot/share/my_bot/launch/rsp.launch.py
[1.021s] -- Up-to-date symlink: /home/dominhthang/dev_ws/install/my_bot/share/my_bot/worlds/empty.world
[1.021s] -- Symlinking: /home/dominhthang/dev_ws/install/my_bot/share/my_bot/worlds/my_sim.sdf
[1.039s] -- Up-to-date symlink: /home/dominhthang/dev_ws/install/my_bot/share/ament_index/resource_index/package_run_dependencies/my_bot
[1.039s] -- Up-to-date symlink: /home/dominhthang/dev_ws/install/my_bot/share/ament_index/resource_index/parent_prefix_path/my_bot
[1.040s] -- Up-to-date symlink: /home/dominhthang/dev_ws/install/my_bot/share/my_bot/environment/ament_prefix_path.sh
[1.040s] -- Up-to-date symlink: /home/dominhthang/dev_ws/install/my_bot/share/my_bot/environment/ament_prefix_path.dsv
[1.041s] -- Up-to-date symlink: /home/dominhthang/dev_ws/install/my_bot/share/my_bot/environment/path.sh
[1.041s] -- Up-to-date symlink: /home/dominhthang/dev_ws/install/my_bot/share/my_bot/environment/path.dsv
[1.041s] -- Up-to-date symlink: /home/dominhthang/dev_ws/install/my_bot/share/my_bot/local_setup.bash
[1.041s] -- Up-to-date symlink: /home/dominhthang/dev_ws/install/my_bot/share/my_bot/local_setup.sh
[1.041s] -- Up-to-date symlink: /home/dominhthang/dev_ws/install/my_bot/share/my_bot/local_setup.zsh
[1.042s] -- Up-to-date symlink: /home/dominhthang/dev_ws/install/my_bot/share/my_bot/local_setup.dsv
[1.042s] -- Symlinking: /home/dominhthang/dev_ws/install/my_bot/share/my_bot/package.dsv
[1.059s] -- Up-to-date symlink: /home/dominhthang/dev_ws/install/my_bot/share/ament_index/resource_index/packages/my_bot
[1.059s] -- Up-to-date symlink: /home/dominhthang/dev_ws/install/my_bot/share/my_bot/cmake/my_botConfig.cmake
[1.059s] -- Up-to-date symlink: /home/dominhthang/dev_ws/install/my_bot/share/my_bot/cmake/my_botConfig-version.cmake
[1.059s] -- Up-to-date symlink: /home/dominhthang/dev_ws/install/my_bot/share/my_bot/package.xml
[1.063s] Invoked command in '/home/dominhthang/dev_ws/build/my_bot' returned '0': CMAKE_PREFIX_PATH=${CMAKE_PREFIX_PATH}:/opt/ros/jazzy DEBUGINFOD_URLS=https://debuginfod.ubuntu.com /usr/bin/cmake --install /home/dominhthang/dev_ws/build/my_bot
